#
# There is insufficient memory for the Java Runtime Environment to continue.
# Native memory allocation (malloc) failed to allocate 1300976 bytes for Chunk::new
# Possible reasons:
#   The system is out of physical RAM or swap space
#   The process is running with CompressedOops enabled, and the Java Heap may be blocking the growth of the native heap
# Possible solutions:
#   Reduce memory load on the system
#   Increase physical memory or swap space
#   Check if swap backing store is full
#   Decrease Java heap size (-Xmx/-Xms)
#   Decrease number of Java threads
#   Decrease Java thread stack sizes (-Xss)
#   Set larger code cache with -XX:ReservedCodeCacheSize=
#   JVM is running with Unscaled Compressed Oops mode in which the Java heap is
#     placed in the first 4GB address space. The Java Heap base address is the
#     maximum limit for the native heap growth. Please use -XX:HeapBaseMinAddress
#     to set the Java Heap base and to place the Java Heap above 4GB virtual address.
# This output file may be truncated or incomplete.
#
#  Out of Memory Error (allocation.cpp:389), pid=19508, tid=0x000000000000611c
#
# JRE version: OpenJDK Runtime Environment (8.0_242-b01) (build 1.8.0_242-release-1644-b01)
# Java VM: OpenJDK 64-Bit Server VM (25.242-b01 mixed mode windows-amd64 compressed oops)
# Failed to write core dump. Minidumps are not enabled by default on client versions of Windows
#

---------------  T H R E A D  ---------------

Current thread (0x000000001a133800):  JavaThread "C2 CompilerThread2" daemon [_thread_in_native, id=24860, stack(0x000000001abf0000,0x000000001acf0000)]

Stack: [0x000000001abf0000,0x000000001acf0000]
[error occurred during error reporting (printing stack bounds), id 0xc0000005]

Native frames: (J=compiled Java code, j=interpreted, Vv=VM code, C=native code)


Current CompileTask:
C2:   5872 1877       4       java.net.URLClassLoader$1::run (5 bytes)


---------------  P R O C E S S  ---------------

Java Threads: ( => current thread )
  0x000000001ccca000 JavaThread "Cache worker for execution history cache (C:\Users\USER\.gradle\caches\6.5\executionHistory)" [_thread_blocked, id=26068, stack(0x0000000020ae0000,0x0000000020be0000)]
  0x000000001ccca800 JavaThread "Cache worker for cache directory md-rule (C:\Users\USER\.gradle\caches\6.5\md-rule)" [_thread_blocked, id=25664, stack(0x00000000209e0000,0x0000000020ae0000)]
  0x000000001cccd800 JavaThread "Cache worker for cache directory md-supplier (C:\Users\USER\.gradle\caches\6.5\md-supplier)" [_thread_blocked, id=664, stack(0x00000000208e0000,0x00000000209e0000)]
  0x000000001cccd000 JavaThread "Cache worker for checksums cache (C:\Users\USER\AndroidStudioProjects\MeetUp\.gradle\checksums)" [_thread_blocked, id=13600, stack(0x00000000207e0000,0x00000000208e0000)]
  0x000000001cccb800 JavaThread "Cache worker for file hash cache (C:\Users\USER\AndroidStudioProjects\MeetUp\.gradle\6.5\fileHashes)" [_thread_blocked, id=25072, stack(0x00000000204e0000,0x00000000205e0000)]
  0x000000001cccc000 JavaThread "Cache worker for file hash cache (C:\Users\USER\.gradle\caches\6.5\fileHashes)" [_thread_blocked, id=23496, stack(0x000000001ffe0000,0x00000000200e0000)]
  0x000000001ccd7000 JavaThread "File lock request listener" [_thread_in_native, id=18324, stack(0x000000001ef10000,0x000000001f010000)]
  0x000000001ccc6000 JavaThread "Cache worker for journal cache (C:\Users\USER\.gradle\caches\journal-1)" [_thread_blocked, id=26108, stack(0x000000001ee10000,0x000000001ef10000)]
  0x000000001c1a0800 JavaThread "Thread-9" [_thread_blocked, id=26232, stack(0x000000001eb10000,0x000000001ec10000)]
  0x000000001c19f000 JavaThread "Stdin handler" [_thread_blocked, id=9840, stack(0x000000001ea10000,0x000000001eb10000)]
  0x000000001c19d800 JavaThread "Asynchronous log dispatcher for DefaultDaemonConnection: socket connection from /127.0.0.1:51324 to /127.0.0.1:51325" [_thread_blocked, id=2504, stack(0x000000001e910000,0x000000001ea10000)]
  0x000000001bd13800 JavaThread "Daemon worker" [_thread_in_Java, id=26416, stack(0x000000001e810000,0x000000001e910000)]
  0x000000001bd13000 JavaThread "Cancel handler" [_thread_blocked, id=3460, stack(0x000000001e710000,0x000000001e810000)]
  0x000000001cac1800 JavaThread "Handler for socket connection from /127.0.0.1:51324 to /127.0.0.1:51325" [_thread_in_native, id=26120, stack(0x000000001e610000,0x000000001e710000)]
  0x000000001cac1000 JavaThread "Daemon" [_thread_blocked, id=25948, stack(0x000000001e510000,0x000000001e610000)]
  0x000000001ca85000 JavaThread "Daemon periodic checks" [_thread_blocked, id=12796, stack(0x000000001e210000,0x000000001e310000)]
  0x000000001ca3e000 JavaThread "Incoming local TCP Connector on port 51324" [_thread_in_native, id=25824, stack(0x000000001dfd0000,0x000000001e0d0000)]
  0x000000001ca01800 JavaThread "Daemon health stats" [_thread_blocked, id=20360, stack(0x000000001d990000,0x000000001da90000)]
  0x000000001a1bf800 JavaThread "Service Thread" daemon [_thread_blocked, id=26344, stack(0x000000001adf0000,0x000000001aef0000)]
  0x000000001a13c800 JavaThread "C1 CompilerThread3" daemon [_thread_blocked, id=13080, stack(0x000000001acf0000,0x000000001adf0000)]
=>0x000000001a133800 JavaThread "C2 CompilerThread2" daemon [_thread_in_native, id=24860, stack(0x000000001abf0000,0x000000001acf0000)]
  0x000000001a127000 JavaThread "C2 CompilerThread1" daemon [_thread_blocked, id=11176, stack(0x000000001aaf0000,0x000000001abf0000)]
  0x000000001a121800 JavaThread "C2 CompilerThread0" daemon [_thread_in_native, id=23344, stack(0x000000001a9f0000,0x000000001aaf0000)]
  0x000000001a120000 JavaThread "Attach Listener" daemon [_thread_blocked, id=21196, stack(0x000000001a8f0000,0x000000001a9f0000)]
  0x000000001a11f800 JavaThread "Signal Dispatcher" daemon [_thread_blocked, id=26176, stack(0x000000001a7f0000,0x000000001a8f0000)]
  0x000000001a110800 JavaThread "Finalizer" daemon [_thread_blocked, id=23024, stack(0x000000001a5f0000,0x000000001a6f0000)]
  0x000000001831c800 JavaThread "Reference Handler" daemon [_thread_blocked, id=26396, stack(0x000000001a4f0000,0x000000001a5f0000)]
  0x00000000030ad800 JavaThread "main" [_thread_blocked, id=11720, stack(0x00000000030b0000,0x00000000031b0000)]

Other Threads:
  0x0000000018315800 VMThread [stack: 0x0000000019ff0000,0x000000001a0f0000] [id=13844]
  0x000000001a1c0800 WatcherThread [stack: 0x000000001aef0000,0x000000001aff0000] [id=23336]

VM state:not at safepoint (normal execution)

VM Mutex/Monitor currently owned by a thread: None

heap address: 0x0000000080000000, size: 2048 MB, Compressed Oops mode: 32-bit
Narrow klass base: 0x0000000000000000, Narrow klass shift: 3
Compressed class space size: 1073741824 Address: 0x0000000100000000

Heap:
 PSYoungGen      total 105472K, used 32245K [0x00000000d5580000, 0x00000000dc580000, 0x0000000100000000)
  eden space 96256K, 33% used [0x00000000d5580000,0x00000000d74fd530,0x00000000db380000)
  from space 9216K, 0% used [0x00000000dbc80000,0x00000000dbc80000,0x00000000dc580000)
  to   space 9216K, 0% used [0x00000000db380000,0x00000000db380000,0x00000000dbc80000)
 ParOldGen       total 39936K, used 6773K [0x0000000080000000, 0x0000000082700000, 0x00000000d5580000)
  object space 39936K, 16% used [0x0000000080000000,0x000000008069d408,0x0000000082700000)
 Metaspace       used 22798K, capacity 23636K, committed 23728K, reserved 1069056K
  class space    used 3232K, capacity 3442K, committed 3504K, reserved 1048576K

Card table byte_map: [0x0000000012670000,0x0000000012a80000] byte_map_base: 0x0000000012270000

Marking Bits: (ParMarkBitMap*) 0x0000000056f6f030
 Begin Bits: [0x0000000013530000, 0x0000000015530000)
 End Bits:   [0x0000000015530000, 0x0000000017530000)

Polling page: 0x00000000017e0000

CodeCache: size=245760Kb used=6899Kb max_used=6899Kb free=238860Kb
 bounds [0x00000000032b0000, 0x0000000003980000, 0x00000000122b0000]
 total_blobs=2415 nmethods=1990 adapters=339
 compilation: enabled

Compilation events (10 events):
Event: 5.826 Thread 0x000000001a13c800 1988       3       java.util.concurrent.ConcurrentHashMap$Traverser::advance (188 bytes)
Event: 5.827 Thread 0x000000001a13c800 nmethod 1988 0x000000000396d590 code [0x000000000396d780, 0x000000000396e3f8]
Event: 5.827 Thread 0x000000001a13c800 1989       3       java.util.concurrent.ConcurrentHashMap$BaseIterator::hasNext (13 bytes)
Event: 5.827 Thread 0x000000001a13c800 nmethod 1989 0x000000000396e790 code [0x000000000396e8e0, 0x000000000396ea90]
Event: 5.845 Thread 0x000000001a13c800 1990       3       com.google.common.collect.AbstractIndexedListIterator::next (31 bytes)
Event: 5.845 Thread 0x000000001a13c800 nmethod 1990 0x000000000396eb10 code [0x000000000396eca0, 0x000000000396f0f8]
Event: 5.845 Thread 0x000000001a13c800 1991       3       com.google.common.collect.ImmutableList$Itr::get (9 bytes)
Event: 5.846 Thread 0x000000001a13c800 nmethod 1991 0x000000000396f250 code [0x000000000396f3c0, 0x000000000396f5e8]
Event: 5.858 Thread 0x000000001a13c800 1992       3       com.google.common.collect.ObjectArrays::checkElementNotNull (33 bytes)
Event: 5.859 Thread 0x000000001a13c800 nmethod 1992 0x000000000396f6d0 code [0x000000000396f8a0, 0x00000000039700b8]

GC Heap History (10 events):
Event: 3.112 GC heap before
{Heap before GC invocations=5 (full 0):
 PSYoungGen      total 28672K, used 28656K [0x00000000d5580000, 0x00000000d7580000, 0x0000000100000000)
  eden space 24576K, 100% used [0x00000000d5580000,0x00000000d6d80000,0x00000000d6d80000)
  from space 4096K, 99% used [0x00000000d7180000,0x00000000d757c010,0x00000000d7580000)
  to   space 4096K, 0% used [0x00000000d6d80000,0x00000000d6d80000,0x00000000d7180000)
 ParOldGen       total 65536K, used 1728K [0x0000000080000000, 0x0000000084000000, 0x00000000d5580000)
  object space 65536K, 2% used [0x0000000080000000,0x00000000801b0078,0x0000000084000000)
 Metaspace       used 13925K, capacity 14360K, committed 14592K, reserved 1062912K
  class space    used 1913K, capacity 2044K, committed 2048K, reserved 1048576K
Event: 3.118 GC heap after
Heap after GC invocations=5 (full 0):
 PSYoungGen      total 28672K, used 4080K [0x00000000d5580000, 0x00000000d9380000, 0x0000000100000000)
  eden space 24576K, 0% used [0x00000000d5580000,0x00000000d5580000,0x00000000d6d80000)
  from space 4096K, 99% used [0x00000000d6d80000,0x00000000d717c030,0x00000000d7180000)
  to   space 7168K, 0% used [0x00000000d8c80000,0x00000000d8c80000,0x00000000d9380000)
 ParOldGen       total 65536K, used 4119K [0x0000000080000000, 0x0000000084000000, 0x00000000d5580000)
  object space 65536K, 6% used [0x0000000080000000,0x0000000080405f08,0x0000000084000000)
 Metaspace       used 13925K, capacity 14360K, committed 14592K, reserved 1062912K
  class space    used 1913K, capacity 2044K, committed 2048K, reserved 1048576K
}
Event: 4.321 GC heap before
{Heap before GC invocations=6 (full 0):
 PSYoungGen      total 28672K, used 28656K [0x00000000d5580000, 0x00000000d9380000, 0x0000000100000000)
  eden space 24576K, 100% used [0x00000000d5580000,0x00000000d6d80000,0x00000000d6d80000)
  from space 4096K, 99% used [0x00000000d6d80000,0x00000000d717c030,0x00000000d7180000)
  to   space 7168K, 0% used [0x00000000d8c80000,0x00000000d8c80000,0x00000000d9380000)
 ParOldGen       total 65536K, used 4119K [0x0000000080000000, 0x0000000084000000, 0x00000000d5580000)
  object space 65536K, 6% used [0x0000000080000000,0x0000000080405f08,0x0000000084000000)
 Metaspace       used 16689K, capacity 17260K, committed 17280K, reserved 1064960K
  class space    used 2233K, capacity 2432K, committed 2432K, reserved 1048576K
Event: 4.329 GC heap after
Heap after GC invocations=6 (full 0):
 PSYoungGen      total 55296K, used 6790K [0x00000000d5580000, 0x00000000d9580000, 0x0000000100000000)
  eden space 48128K, 0% used [0x00000000d5580000,0x00000000d5580000,0x00000000d8480000)
  from space 7168K, 94% used [0x00000000d8c80000,0x00000000d9321a10,0x00000000d9380000)
  to   space 8192K, 0% used [0x00000000d8480000,0x00000000d8480000,0x00000000d8c80000)
 ParOldGen       total 65536K, used 4127K [0x0000000080000000, 0x0000000084000000, 0x00000000d5580000)
  object space 65536K, 6% used [0x0000000080000000,0x0000000080407f08,0x0000000084000000)
 Metaspace       used 16689K, capacity 17260K, committed 17280K, reserved 1064960K
  class space    used 2233K, capacity 2432K, committed 2432K, reserved 1048576K
}
Event: 5.173 GC heap before
{Heap before GC invocations=7 (full 0):
 PSYoungGen      total 55296K, used 54918K [0x00000000d5580000, 0x00000000d9580000, 0x0000000100000000)
  eden space 48128K, 100% used [0x00000000d5580000,0x00000000d8480000,0x00000000d8480000)
  from space 7168K, 94% used [0x00000000d8c80000,0x00000000d9321a10,0x00000000d9380000)
  to   space 8192K, 0% used [0x00000000d8480000,0x00000000d8480000,0x00000000d8c80000)
 ParOldGen       total 65536K, used 4127K [0x0000000080000000, 0x0000000084000000, 0x00000000d5580000)
  object space 65536K, 6% used [0x0000000080000000,0x0000000080407f08,0x0000000084000000)
 Metaspace       used 20425K, capacity 21112K, committed 21248K, reserved 1067008K
  class space    used 2850K, capacity 3044K, committed 3072K, reserved 1048576K
Event: 5.186 GC heap after
Heap after GC invocations=7 (full 0):
 PSYoungGen      total 56320K, used 7900K [0x00000000d5580000, 0x00000000dc580000, 0x0000000100000000)
  eden space 48128K, 0% used [0x00000000d5580000,0x00000000d5580000,0x00000000d8480000)
  from space 8192K, 96% used [0x00000000d8480000,0x00000000d8c372f8,0x00000000d8c80000)
  to   space 9216K, 0% used [0x00000000dbc80000,0x00000000dbc80000,0x00000000dc580000)
 ParOldGen       total 65536K, used 5923K [0x0000000080000000, 0x0000000084000000, 0x00000000d5580000)
  object space 65536K, 9% used [0x0000000080000000,0x00000000805c8f68,0x0000000084000000)
 Metaspace       used 20425K, capacity 21112K, committed 21248K, reserved 1067008K
  class space    used 2850K, capacity 3044K, committed 3072K, reserved 1048576K
}
Event: 5.240 GC heap before
{Heap before GC invocations=8 (full 0):
 PSYoungGen      total 56320K, used 12646K [0x00000000d5580000, 0x00000000dc580000, 0x0000000100000000)
  eden space 48128K, 9% used [0x00000000d5580000,0x00000000d5a228a0,0x00000000d8480000)
  from space 8192K, 96% used [0x00000000d8480000,0x00000000d8c372f8,0x00000000d8c80000)
  to   space 9216K, 0% used [0x00000000dbc80000,0x00000000dbc80000,0x00000000dc580000)
 ParOldGen       total 65536K, used 5923K [0x0000000080000000, 0x0000000084000000, 0x00000000d5580000)
  object space 65536K, 9% used [0x0000000080000000,0x00000000805c8f68,0x0000000084000000)
 Metaspace       used 20591K, capacity 21208K, committed 21296K, reserved 1067008K
  class space    used 2877K, capacity 3076K, committed 3120K, reserved 1048576K
Event: 5.246 GC heap after
Heap after GC invocations=8 (full 0):
 PSYoungGen      total 105472K, used 3124K [0x00000000d5580000, 0x00000000dc580000, 0x0000000100000000)
  eden space 96256K, 0% used [0x00000000d5580000,0x00000000d5580000,0x00000000db380000)
  from space 9216K, 33% used [0x00000000dbc80000,0x00000000dbf8d040,0x00000000dc580000)
  to   space 9216K, 0% used [0x00000000db380000,0x00000000db380000,0x00000000dbc80000)
 ParOldGen       total 65536K, used 7524K [0x0000000080000000, 0x0000000084000000, 0x00000000d5580000)
  object space 65536K, 11% used [0x0000000080000000,0x0000000080759338,0x0000000084000000)
 Metaspace       used 20591K, capacity 21208K, committed 21296K, reserved 1067008K
  class space    used 2877K, capacity 3076K, committed 3120K, reserved 1048576K
}
Event: 5.246 GC heap before
{Heap before GC invocations=9 (full 1):
 PSYoungGen      total 105472K, used 3124K [0x00000000d5580000, 0x00000000dc580000, 0x0000000100000000)
  eden space 96256K, 0% used [0x00000000d5580000,0x00000000d5580000,0x00000000db380000)
  from space 9216K, 33% used [0x00000000dbc80000,0x00000000dbf8d040,0x00000000dc580000)
  to   space 9216K, 0% used [0x00000000db380000,0x00000000db380000,0x00000000dbc80000)
 ParOldGen       total 65536K, used 7524K [0x0000000080000000, 0x0000000084000000, 0x00000000d5580000)
  object space 65536K, 11% used [0x0000000080000000,0x0000000080759338,0x0000000084000000)
 Metaspace       used 20591K, capacity 21208K, committed 21296K, reserved 1067008K
  class space    used 2877K, capacity 3076K, committed 3120K, reserved 1048576K
Event: 5.291 GC heap after
Heap after GC invocations=9 (full 1):
 PSYoungGen      total 105472K, used 0K [0x00000000d5580000, 0x00000000dc580000, 0x0000000100000000)
  eden space 96256K, 0% used [0x00000000d5580000,0x00000000d5580000,0x00000000db380000)
  from space 9216K, 0% used [0x00000000dbc80000,0x00000000dbc80000,0x00000000dc580000)
  to   space 9216K, 0% used [0x00000000db380000,0x00000000db380000,0x00000000dbc80000)
 ParOldGen       total 39936K, used 6773K [0x0000000080000000, 0x0000000082700000, 0x00000000d5580000)
  object space 39936K, 16% used [0x0000000080000000,0x000000008069d408,0x0000000082700000)
 Metaspace       used 20591K, capacity 21208K, committed 21296K, reserved 1067008K
  class space    used 2877K, capacity 3076K, committed 3120K, reserved 1048576K
}

Deoptimization events (10 events):
Event: 4.434 Thread 0x000000001bd13800 Uncommon trap: reason=unstable_if action=reinterpret pc=0x0000000003519904 method=java.util.HashMap.getNode(ILjava/lang/Object;)Ljava/util/HashMap$Node; @ 129
Event: 4.434 Thread 0x000000001bd13800 Uncommon trap: reason=bimorphic action=maybe_recompile pc=0x00000000037815f0 method=java.util.HashMap.putVal(ILjava/lang/Object;Ljava/lang/Object;ZZ)Ljava/lang/Object; @ 203
Event: 4.614 Thread 0x000000001bd13800 Uncommon trap: reason=unstable_if action=reinterpret pc=0x00000000037e86cc method=java.util.jar.Attributes$Name.isDigit(C)Z @ 3
Event: 4.812 Thread 0x000000001bd13800 Uncommon trap: reason=unstable_if action=reinterpret pc=0x000000000365f688 method=java.net.URI.match(CJJ)Z @ 19
Event: 4.812 Thread 0x000000001bd13800 Uncommon trap: reason=unstable_if action=reinterpret pc=0x000000000347d088 method=java.net.URI.match(CJJ)Z @ 19
Event: 4.812 Thread 0x000000001bd13800 Uncommon trap: reason=unstable_if action=reinterpret pc=0x0000000003560cf8 method=java.net.URI.match(CJJ)Z @ 19
Event: 5.314 Thread 0x000000001bd13800 Uncommon trap: reason=unstable_if action=reinterpret pc=0x000000000388b3c0 method=java.util.HashMap.hash(Ljava/lang/Object;)I @ 1
Event: 5.328 Thread 0x000000001bd13800 Uncommon trap: reason=unstable_if action=reinterpret pc=0x00000000035778e8 method=java.util.HashMap.hash(Ljava/lang/Object;)I @ 1
Event: 5.358 Thread 0x000000001bd13800 Uncommon trap: reason=unstable_if action=reinterpret pc=0x00000000038bb44c method=jdk.internal.org.objectweb.asm.Type.getArgumentsAndReturnSizes(Ljava/lang/String;)I @ 88
Event: 5.501 Thread 0x000000001bd13800 Uncommon trap: reason=unstable_if action=reinterpret pc=0x00000000035c4f5c method=java.io.WinNTFileSystem.resolve(Ljava/lang/String;Ljava/lang/String;)Ljava/lang/String; @ 49

Classes redefined (0 events):
No events

Internal exceptions (10 events):
Event: 4.070 Thread 0x000000001bd13800 Exception <a 'java/lang/NoSuchMethodError': java.lang.Object.lambda$and$0(Ljava/util/function/Predicate;Ljava/lang/Object;)Z> (0x00000000d6169708) thrown at [C:\src\AOSP-openjdk-git\hotspot\src\share\vm\interpreter\linkResolver.cpp, line 620]
Event: 4.087 Thread 0x000000001bd13800 Exception <a 'java/lang/IncompatibleClassChangeError': Found class java.lang.Object, but interface was expected> (0x00000000d6179a00) thrown at [C:\src\AOSP-openjdk-git\hotspot\src\share\vm\interpreter\linkResolver.cpp, line 653]
Event: 4.094 Thread 0x000000001bd13800 Exception <a 'java/lang/NoSuchMethodError': java.lang.Object.lambda$or$2(Ljava/util/function/Predicate;Ljava/lang/Object;)Z> (0x00000000d617e550) thrown at [C:\src\AOSP-openjdk-git\hotspot\src\share\vm\interpreter\linkResolver.cpp, line 620]
Event: 4.492 Thread 0x000000001bd13800 Exception <a 'java/lang/NoSuchMethodError': java.lang.Object.lambda$static$0(Lorg/gradle/internal/state/ModelObject;)Ljava/lang/String;> (0x00000000d6106de0) thrown at [C:\src\AOSP-openjdk-git\hotspot\src\share\vm\interpreter\linkResolver.cpp, line 620]
Event: 4.943 Thread 0x000000001bd13800 Exception <a 'java/lang/NoSuchMethodError': java.lang.Object.lambda$static$1(Lorg/gradle/internal/snapshot/SnapshotHierarchy$DiffCapturingUpdateFunction;)Lorg/gradle/internal/snapshot/AtomicSnapshotHierarchyReference$UpdateFunction;> (0x00000000d77e0608) 
Event: 5.314 Thread 0x000000001bd13800 Implicit null exception at 0x000000000388b1d5 to 0x000000000388b3b1
Event: 5.328 Thread 0x000000001bd13800 Implicit null exception at 0x000000000357786f to 0x00000000035778d9
Event: 5.356 Thread 0x000000001bd13800 Exception <a 'java/lang/NoSuchMethodError': java.lang.Object.lambda$comparing$77a9974f$1(Ljava/util/function/Function;Ljava/lang/Object;Ljava/lang/Object;)I> (0x00000000d599f940) thrown at [C:\src\AOSP-openjdk-git\hotspot\src\share\vm\interpreter\linkReso
Event: 5.391 Thread 0x000000001bd13800 Exception <a 'java/lang/NoSuchMethodError': java.lang.Object.lambda$withReadOnlyCache$0(Ljava/util/function/BiFunction;Lorg/gradle/api/internal/artifacts/ivyservice/ArtifactCacheMetadata;)Ljava/lang/Object;> (0x00000000d5b9def0) thrown at [C:\src\AOSP-ope
Event: 5.434 Thread 0x000000001bd13800 Exception <a 'java/lang/NoSuchMethodError': java.lang.Object.lambda$static$0(Lorg/gradle/api/internal/artifacts/ivyservice/ivyresolve/ModuleComponentRepository;Ljava/lang/String;Lorg/gradle/api/internal/artifacts/configurations/ResolutionStrategyInternal;

Events (10 events):
Event: 5.866 loading class java/util/Spliterator$OfDouble
Event: 5.867 loading class java/util/Spliterator$OfDouble done
Event: 5.867 loading class java/util/Spliterators$EmptySpliterator$OfDouble done
Event: 5.867 loading class java/util/Spliterators$IteratorSpliterator
Event: 5.868 loading class java/util/Spliterators$IteratorSpliterator done
Event: 5.869 loading class java/util/stream/ReferencePipeline$3
Event: 5.869 loading class java/util/stream/ReferencePipeline$StatelessOp
Event: 5.869 loading class java/util/stream/ReferencePipeline$StatelessOp done
Event: 5.869 loading class java/util/stream/ReferencePipeline$3 done
Event: 5.870 loading class java/util/stream/Collectors


Dynamic libraries:
0x00007ff654af0000 - 0x00007ff654b21000 	C:\Program Files\Android\Android Studio\jre\bin\java.exe
0x00007ffaa1690000 - 0x00007ffaa1885000 	C:\Windows\SYSTEM32\ntdll.dll
0x00007ffaa1590000 - 0x00007ffaa164d000 	C:\Windows\System32\KERNEL32.DLL
0x00007ffa9efd0000 - 0x00007ffa9f299000 	C:\Windows\System32\KERNELBASE.dll
0x00007ffaa01d0000 - 0x00007ffaa027c000 	C:\Windows\System32\ADVAPI32.dll
0x00007ffa9f880000 - 0x00007ffa9f91e000 	C:\Windows\System32\msvcrt.dll
0x00007ffaa13c0000 - 0x00007ffaa145b000 	C:\Windows\System32\sechost.dll
0x00007ffaa0d40000 - 0x00007ffaa0e6a000 	C:\Windows\System32\RPCRT4.dll
0x00007ffaa1200000 - 0x00007ffaa13a0000 	C:\Windows\System32\USER32.dll
0x00007ffa9eef0000 - 0x00007ffa9ef12000 	C:\Windows\System32\win32u.dll
0x00007ffaa0e70000 - 0x00007ffaa0e9a000 	C:\Windows\System32\GDI32.dll
0x00007ffa9f2a0000 - 0x00007ffa9f3ab000 	C:\Windows\System32\gdi32full.dll
0x00007ffa9f5a0000 - 0x00007ffa9f63d000 	C:\Windows\System32\msvcp_win.dll
0x00007ffa9edf0000 - 0x00007ffa9eef0000 	C:\Windows\System32\ucrtbase.dll
0x00007ffa91270000 - 0x00007ffa9150a000 	C:\Windows\WinSxS\amd64_microsoft.windows.common-controls_6595b64144ccf1df_6.0.19041.1110_none_60b5254171f9507e\COMCTL32.dll
0x00007ffaa06a0000 - 0x00007ffaa06d0000 	C:\Windows\System32\IMM32.DLL
0x00000000566c0000 - 0x0000000056792000 	C:\Program Files\Android\Android Studio\jre\jre\bin\msvcr100.dll
0x00000000567a0000 - 0x0000000056feb000 	C:\Program Files\Android\Android Studio\jre\jre\bin\server\jvm.dll
0x00007ffaa11f0000 - 0x00007ffaa11f8000 	C:\Windows\System32\PSAPI.DLL
0x00007ffa86fd0000 - 0x00007ffa86ff7000 	C:\Windows\SYSTEM32\WINMM.dll
0x00007ffa97f60000 - 0x00007ffa97f69000 	C:\Windows\SYSTEM32\WSOCK32.dll
0x00007ffa97f50000 - 0x00007ffa97f5a000 	C:\Windows\SYSTEM32\VERSION.dll
0x00007ffaa0730000 - 0x00007ffaa079b000 	C:\Windows\System32\WS2_32.dll
0x00007ffa95fd0000 - 0x00007ffa95fdf000 	C:\Program Files\Android\Android Studio\jre\jre\bin\verify.dll
0x00007ffa863a0000 - 0x00007ffa863c9000 	C:\Program Files\Android\Android Studio\jre\jre\bin\java.dll
0x00007ffa93710000 - 0x00007ffa93726000 	C:\Program Files\Android\Android Studio\jre\jre\bin\zip.dll
0x00007ffa9f920000 - 0x00007ffaa005f000 	C:\Windows\System32\SHELL32.dll
0x00007ffa9cc90000 - 0x00007ffa9d420000 	C:\Windows\SYSTEM32\windows.storage.dll
0x00007ffaa02e0000 - 0x00007ffaa0635000 	C:\Windows\System32\combase.dll
0x00007ffa9e820000 - 0x00007ffa9e84c000 	C:\Windows\SYSTEM32\Wldp.dll
0x00007ffa9f6f0000 - 0x00007ffa9f79e000 	C:\Windows\System32\SHCORE.dll
0x00007ffaa0280000 - 0x00007ffaa02d5000 	C:\Windows\System32\shlwapi.dll
0x00007ffa9ed00000 - 0x00007ffa9ed1f000 	C:\Windows\SYSTEM32\profapi.dll
0x00007ffa862a0000 - 0x00007ffa862ba000 	C:\Program Files\Android\Android Studio\jre\jre\bin\net.dll
0x00007ffa9e510000 - 0x00007ffa9e57a000 	C:\Windows\system32\mswsock.dll
0x00007ffa86280000 - 0x00007ffa86293000 	C:\Program Files\Android\Android Studio\jre\jre\bin\nio.dll
0x00007ffa93730000 - 0x00007ffa93757000 	C:\Users\USER\.gradle\native\f6784746aeab05261644944871eae4fe03e0ef1612fff0a4a95f87b438bc6780\windows-amd64\native-platform.dll
0x00007ffa957a0000 - 0x00007ffa957ad000 	C:\Program Files\Android\Android Studio\jre\jre\bin\management.dll
0x00007ffa9e700000 - 0x00007ffa9e718000 	C:\Windows\SYSTEM32\CRYPTSP.dll
0x00007ffa9de90000 - 0x00007ffa9dec4000 	C:\Windows\system32\rsaenh.dll
0x00007ffa9edc0000 - 0x00007ffa9ede7000 	C:\Windows\System32\bcrypt.dll
0x00007ffa9ec80000 - 0x00007ffa9ecae000 	C:\Windows\SYSTEM32\USERENV.dll
0x00007ffa9f3b0000 - 0x00007ffa9f433000 	C:\Windows\System32\bcryptprimitives.dll
0x00007ffa9e720000 - 0x00007ffa9e72c000 	C:\Windows\SYSTEM32\CRYPTBASE.dll
0x00007ffa9e200000 - 0x00007ffa9e23b000 	C:\Windows\SYSTEM32\IPHLPAPI.DLL
0x00007ffaa00f0000 - 0x00007ffaa00f8000 	C:\Windows\System32\NSI.dll
0x00007ffa974c0000 - 0x00007ffa974d7000 	C:\Windows\SYSTEM32\dhcpcsvc6.DLL
0x00007ffa97660000 - 0x00007ffa9767d000 	C:\Windows\SYSTEM32\dhcpcsvc.DLL
0x00007ffa9e240000 - 0x00007ffa9e30c000 	C:\Windows\SYSTEM32\DNSAPI.dll
0x00007ffa97f40000 - 0x00007ffa97f4b000 	C:\Windows\SYSTEM32\WINNSI.DLL

VM Arguments:
jvm_args: -Xmx2048m -Dfile.encoding=UTF-8 -Duser.country=US -Duser.language=en -Duser.variant 
java_command: org.gradle.launcher.daemon.bootstrap.GradleDaemon 6.5
java_class_path (initial): C:\Users\USER\.gradle\wrapper\dists\gradle-6.5-bin\6nifqtx7604sqp1q6g8wikw7p\gradle-6.5\lib\gradle-launcher-6.5.jar
Launcher Type: SUN_STANDARD

Environment Variables:
PATH=C:\Program Files\Common Files\Oracle\Java\javapath;C:\Program Files (x86)\Common Files\Intel\Shared Libraries\redist\intel64\compiler;C:\Windows\system32;C:\Windows;C:\Windows\System32\Wbem;C:\Windows\System32\WindowsPowerShell\v1.0\;C:\Windows\System32\OpenSSH\;C:\Program Files (x86)\NVIDIA Corporation\PhysX\Common;C:\Program Files\NVIDIA Corporation\NVIDIA NvDLISR;C:\Program Files\Git\cmd;C:\Program Files (x86)\CodeBlocks\MinGW\bin;C:\Program Files\nodejs\;C:\Users\USER\AppData\Local\Microsoft\WindowsApps;C:\Program Files\JetBrains\IntelliJ IDEA 2021.1.2\bin;;C:\Users\USER\AppData\Local\Programs\Microsoft VS Code\bin;C:\Users\USER\AppData\Roaming\npm
USERNAME=USER
OS=Windows_NT
PROCESSOR_IDENTIFIER=AMD64 Family 23 Model 24 Stepping 1, AuthenticAMD



---------------  S Y S T E M  ---------------

OS: Windows 10.0 , 64 bit Build 19041 (10.0.19041.1151)

CPU:total 8 (initial active 8) (8 cores per cpu, 1 threads per core) family 23 model 24 stepping 1, cmov, cx8, fxsr, mmx, sse, sse2, sse3, ssse3, sse4.1, sse4.2, popcnt, avx, avx2, aes, clmul, mmxext, 3dnowpref, lzcnt, sse4a, tsc, tscinvbit, tscinv, bmi1

Memory: 4k page, physical 6237624k(358324k free), swap 25111992k(2136k free)

vm_info: OpenJDK 64-Bit Server VM (25.242-b01) for windows-amd64 JRE (1.8.0_242-release-1644-b01), built by "builder" with MS VC++ 10.0 (VS2010)

time: Sun Aug 15 05:44:35 2021
timezone: Bangladesh Standard Time
elapsed time: 5 seconds (0d 0h 0m 5s)

