#
# There is insufficient memory for the Java Runtime Environment to continue.
# Native memory allocation (malloc) failed to allocate 856336 bytes for Chunk::new
# Possible reasons:
#   The system is out of physical RAM or swap space
#   The process is running with CompressedOops enabled, and the Java Heap may be blocking the growth of the native heap
# Possible solutions:
#   Reduce memory load on the system
#   Increase physical memory or swap space
#   Check if swap backing store is full
#   Decrease Java heap size (-Xmx/-Xms)
#   Decrease number of Java threads
#   Decrease Java thread stack sizes (-Xss)
#   Set larger code cache with -XX:ReservedCodeCacheSize=
#   JVM is running with Unscaled Compressed Oops mode in which the Java heap is
#     placed in the first 4GB address space. The Java Heap base address is the
#     maximum limit for the native heap growth. Please use -XX:HeapBaseMinAddress
#     to set the Java Heap base and to place the Java Heap above 4GB virtual address.
# This output file may be truncated or incomplete.
#
#  Out of Memory Error (allocation.cpp:389), pid=18384, tid=0x0000000000005bac
#
# JRE version: OpenJDK Runtime Environment (8.0_242-b01) (build 1.8.0_242-release-1644-b01)
# Java VM: OpenJDK 64-Bit Server VM (25.242-b01 mixed mode windows-amd64 compressed oops)
# Failed to write core dump. Minidumps are not enabled by default on client versions of Windows
#

---------------  T H R E A D  ---------------

Current thread (0x000000001830a000):  JavaThread "C2 CompilerThread0" daemon [_thread_in_native, id=23468, stack(0x000000001a9e0000,0x000000001aae0000)]

Stack: [0x000000001a9e0000,0x000000001aae0000]
[error occurred during error reporting (printing stack bounds), id 0xc0000005]

Native frames: (J=compiled Java code, j=interpreted, Vv=VM code, C=native code)


Current CompileTask:
C2:  11730 5364       4       java.net.URLClassLoader$1::run (5 bytes)


---------------  P R O C E S S  ---------------

Java Threads: ( => current thread )
  0x000000001d121800 JavaThread "Cache worker for file content cache (C:\Users\USER\AndroidStudioProjects\MeetUp\.gradle\6.5\fileContent)" [_thread_blocked, id=26508, stack(0x000000002b3f0000,0x000000002b4f0000)]
  0x000000001d124000 JavaThread "Memory manager" [_thread_blocked, id=11236, stack(0x000000002b2f0000,0x000000002b3f0000)]
  0x000000001d124800 JavaThread "Cache worker for Build Output Cleanup Cache (C:\Users\USER\AndroidStudioProjects\MeetUp\.gradle\buildOutputCleanup)" [_thread_blocked, id=24948, stack(0x0000000029220000,0x0000000029320000)]
  0x000000001a3a7000 JavaThread "jar transforms Thread 94" [_thread_blocked, id=1580, stack(0x0000000028f20000,0x0000000029020000)]
  0x000000001a3a6000 JavaThread "jar transforms Thread 93" [_thread_blocked, id=14548, stack(0x0000000028e20000,0x0000000028f20000)]
  0x000000001a3a5800 JavaThread "jar transforms Thread 92" [_thread_blocked, id=17708, stack(0x0000000028d20000,0x0000000028e20000)]
  0x000000001a3a4800 JavaThread "jar transforms Thread 91" [_thread_blocked, id=2524, stack(0x0000000028c20000,0x0000000028d20000)]
  0x000000001a39d800 JavaThread "jar transforms Thread 90" [_thread_blocked, id=18816, stack(0x0000000028b20000,0x0000000028c20000)]
  0x000000001a39d000 JavaThread "jar transforms Thread 89" [_thread_blocked, id=25984, stack(0x0000000028a20000,0x0000000028b20000)]
  0x000000001a3a3800 JavaThread "jar transforms Thread 88" [_thread_blocked, id=21776, stack(0x0000000028920000,0x0000000028a20000)]
  0x000000001a3a3000 JavaThread "jar transforms Thread 87" [_thread_blocked, id=23044, stack(0x0000000028820000,0x0000000028920000)]
  0x000000001a39b800 JavaThread "jar transforms Thread 86" [_thread_blocked, id=21224, stack(0x0000000028720000,0x0000000028820000)]
  0x000000001a3a2000 JavaThread "jar transforms Thread 85" [_thread_blocked, id=10352, stack(0x0000000028620000,0x0000000028720000)]
  0x000000001a39a800 JavaThread "jar transforms Thread 84" [_thread_blocked, id=12252, stack(0x0000000028520000,0x0000000028620000)]
  0x000000001a3a1800 JavaThread "jar transforms Thread 83" [_thread_blocked, id=17252, stack(0x0000000028420000,0x0000000028520000)]
  0x000000001a3a0000 JavaThread "jar transforms Thread 82" [_thread_blocked, id=24508, stack(0x0000000028320000,0x0000000028420000)]
  0x000000001a3a0800 JavaThread "jar transforms Thread 81" [_thread_blocked, id=10476, stack(0x0000000028220000,0x0000000028320000)]
  0x000000001a39f000 JavaThread "jar transforms Thread 80" [_thread_blocked, id=25684, stack(0x0000000028120000,0x0000000028220000)]
  0x000000001a398800 JavaThread "jar transforms Thread 79" [_thread_blocked, id=17416, stack(0x0000000028020000,0x0000000028120000)]
  0x000000001a39c000 JavaThread "jar transforms Thread 78" [_thread_blocked, id=19428, stack(0x0000000027f20000,0x0000000028020000)]
  0x000000001a39e800 JavaThread "jar transforms Thread 77" [_thread_blocked, id=25644, stack(0x0000000027e20000,0x0000000027f20000)]
  0x000000001a39a000 JavaThread "jar transforms Thread 76" [_thread_blocked, id=26472, stack(0x0000000027d20000,0x0000000027e20000)]
  0x000000001a399000 JavaThread "jar transforms Thread 75" [_thread_blocked, id=4248, stack(0x0000000027c20000,0x0000000027d20000)]
  0x000000001bb1a800 JavaThread "jar transforms Thread 74" [_thread_blocked, id=17488, stack(0x0000000027b20000,0x0000000027c20000)]
  0x000000001bb1a000 JavaThread "jar transforms Thread 73" [_thread_blocked, id=1440, stack(0x0000000027a20000,0x0000000027b20000)]
  0x000000001bb1e800 JavaThread "jar transforms Thread 72" [_thread_blocked, id=25920, stack(0x0000000027920000,0x0000000027a20000)]
  0x000000001bb19000 JavaThread "jar transforms Thread 71" [_thread_blocked, id=10664, stack(0x0000000027820000,0x0000000027920000)]
  0x000000001bb17000 JavaThread "jar transforms Thread 70" [_thread_blocked, id=20188, stack(0x0000000027720000,0x0000000027820000)]
  0x000000001bb1c000 JavaThread "jar transforms Thread 69" [_thread_blocked, id=26256, stack(0x0000000027620000,0x0000000027720000)]
  0x000000001bb1d800 JavaThread "jar transforms Thread 68" [_thread_blocked, id=18940, stack(0x0000000027520000,0x0000000027620000)]
  0x000000001bb17800 JavaThread "jar transforms Thread 67" [_thread_blocked, id=24860, stack(0x0000000027420000,0x0000000027520000)]
  0x000000001bb18800 JavaThread "jar transforms Thread 66" [_thread_blocked, id=26316, stack(0x0000000027320000,0x0000000027420000)]
  0x000000001bb1d000 JavaThread "jar transforms Thread 65" [_thread_blocked, id=11560, stack(0x0000000027220000,0x0000000027320000)]
  0x000000001bb1b800 JavaThread "jar transforms Thread 64" [_thread_blocked, id=24660, stack(0x0000000027120000,0x0000000027220000)]
  0x000000001bb0f800 JavaThread "jar transforms Thread 63" [_thread_blocked, id=2296, stack(0x0000000027020000,0x0000000027120000)]
  0x000000001bb14800 JavaThread "jar transforms Thread 62" [_thread_blocked, id=8068, stack(0x0000000026f20000,0x0000000027020000)]
  0x000000001bb10000 JavaThread "jar transforms Thread 61" [_thread_blocked, id=18620, stack(0x0000000026e20000,0x0000000026f20000)]
  0x000000001bb12800 JavaThread "jar transforms Thread 60" [_thread_blocked, id=26196, stack(0x0000000026d20000,0x0000000026e20000)]
  0x000000001bb11800 JavaThread "jar transforms Thread 59" [_thread_blocked, id=26464, stack(0x0000000026c20000,0x0000000026d20000)]
  0x000000001bb14000 JavaThread "jar transforms Thread 58" [_thread_blocked, id=13772, stack(0x0000000026b20000,0x0000000026c20000)]
  0x000000001bb13000 JavaThread "jar transforms Thread 57" [_thread_blocked, id=24060, stack(0x0000000026a20000,0x0000000026b20000)]
  0x000000001bb15800 JavaThread "jar transforms Thread 56" [_thread_blocked, id=7248, stack(0x0000000026920000,0x0000000026a20000)]
  0x000000001bb16000 JavaThread "jar transforms Thread 55" [_thread_blocked, id=16316, stack(0x0000000026820000,0x0000000026920000)]
  0x000000001bb11000 JavaThread "jar transforms Thread 54" [_thread_blocked, id=23816, stack(0x0000000026720000,0x0000000026820000)]
  0x000000001c326000 JavaThread "jar transforms Thread 53" [_thread_blocked, id=24808, stack(0x0000000026620000,0x0000000026720000)]
  0x000000001c327800 JavaThread "jar transforms Thread 52" [_thread_blocked, id=1096, stack(0x0000000026520000,0x0000000026620000)]
  0x000000001c325800 JavaThread "jar transforms Thread 51" [_thread_blocked, id=25884, stack(0x0000000026420000,0x0000000026520000)]
  0x000000001c324800 JavaThread "jar transforms Thread 50" [_thread_blocked, id=18204, stack(0x0000000026320000,0x0000000026420000)]
  0x000000001c327000 JavaThread "jar transforms Thread 49" [_thread_blocked, id=9524, stack(0x0000000026220000,0x0000000026320000)]
  0x000000001c324000 JavaThread "jar transforms Thread 48" [_thread_blocked, id=26600, stack(0x0000000026120000,0x0000000026220000)]
  0x000000001c328800 JavaThread "jar transforms Thread 47" [_thread_blocked, id=22184, stack(0x0000000026020000,0x0000000026120000)]
  0x000000001c31c800 JavaThread "jar transforms Thread 46" [_thread_blocked, id=26176, stack(0x0000000025f20000,0x0000000026020000)]
  0x000000001c323000 JavaThread "jar transforms Thread 45" [_thread_blocked, id=23408, stack(0x0000000025e20000,0x0000000025f20000)]
  0x000000001c31b800 JavaThread "jar transforms Thread 44" [_thread_blocked, id=25648, stack(0x0000000025d20000,0x0000000025e20000)]
  0x000000001c322800 JavaThread "jar transforms Thread 43" [_thread_blocked, id=24364, stack(0x0000000025c20000,0x0000000025d20000)]
  0x000000001c31b000 JavaThread "jar transforms Thread 42" [_thread_blocked, id=26080, stack(0x0000000025b20000,0x0000000025c20000)]
  0x000000001c321800 JavaThread "jar transforms Thread 41" [_thread_blocked, id=15732, stack(0x0000000025a20000,0x0000000025b20000)]
  0x000000001c31a000 JavaThread "jar transforms Thread 40" [_thread_blocked, id=25620, stack(0x0000000025920000,0x0000000025a20000)]
  0x000000001c321000 JavaThread "jar transforms Thread 39" [_thread_blocked, id=26436, stack(0x0000000025820000,0x0000000025920000)]
  0x000000001c319800 JavaThread "jar transforms Thread 38" [_thread_blocked, id=25012, stack(0x0000000025720000,0x0000000025820000)]
  0x000000001c31e000 JavaThread "jar transforms Thread 37" [_thread_blocked, id=26596, stack(0x0000000025620000,0x0000000025720000)]
  0x000000001c31f800 JavaThread "jar transforms Thread 36" [_thread_blocked, id=25328, stack(0x0000000025520000,0x0000000025620000)]
  0x000000001c31e800 JavaThread "jar transforms Thread 35" [_thread_blocked, id=25464, stack(0x0000000025420000,0x0000000025520000)]
  0x000000001c320000 JavaThread "jar transforms Thread 34" [_thread_blocked, id=25916, stack(0x0000000025320000,0x0000000025420000)]
  0x000000001c31d000 JavaThread "jar transforms Thread 33" [_thread_blocked, id=23960, stack(0x0000000025220000,0x0000000025320000)]
  0x000000001f2a6800 JavaThread "jar transforms Thread 32" [_thread_blocked, id=13528, stack(0x0000000025120000,0x0000000025220000)]
  0x000000001f2a6000 JavaThread "jar transforms Thread 31" [_thread_blocked, id=23292, stack(0x0000000025020000,0x0000000025120000)]
  0x000000001f2a5000 JavaThread "jar transforms Thread 30" [_thread_blocked, id=20356, stack(0x0000000024f20000,0x0000000025020000)]
  0x000000001f2a4800 JavaThread "jar transforms Thread 29" [_thread_blocked, id=7872, stack(0x0000000024e20000,0x0000000024f20000)]
  0x000000001f2a3800 JavaThread "jar transforms Thread 28" [_thread_blocked, id=17676, stack(0x0000000024d20000,0x0000000024e20000)]
  0x000000001f2a8000 JavaThread "jar transforms Thread 27" [_thread_blocked, id=26280, stack(0x0000000024c20000,0x0000000024d20000)]
  0x000000001f2a7800 JavaThread "jar transforms Thread 26" [_thread_blocked, id=26620, stack(0x0000000024b20000,0x0000000024c20000)]
  0x000000001f2a3000 JavaThread "jar transforms Thread 25" [_thread_blocked, id=21460, stack(0x0000000024a20000,0x0000000024b20000)]
  0x000000001f2a9000 JavaThread "jar transforms Thread 24" [_thread_blocked, id=26388, stack(0x0000000024920000,0x0000000024a20000)]
  0x000000001f29b800 JavaThread "jar transforms Thread 23" [_thread_blocked, id=14916, stack(0x0000000024820000,0x0000000024920000)]
  0x000000001f2a2000 JavaThread "jar transforms Thread 22" [_thread_blocked, id=25312, stack(0x0000000024720000,0x0000000024820000)]
  0x000000001f29a800 JavaThread "jar transforms Thread 21" [_thread_blocked, id=26132, stack(0x0000000024620000,0x0000000024720000)]
  0x000000001f2a1800 JavaThread "jar transforms Thread 20" [_thread_blocked, id=24868, stack(0x0000000024520000,0x0000000024620000)]
  0x000000001f29a000 JavaThread "jar transforms Thread 19" [_thread_blocked, id=25992, stack(0x0000000024420000,0x0000000024520000)]
  0x000000001f29d000 JavaThread "jar transforms Thread 18" [_thread_blocked, id=12072, stack(0x0000000024320000,0x0000000024420000)]
  0x000000001f2a0800 JavaThread "jar transforms Thread 17" [_thread_blocked, id=25680, stack(0x0000000024220000,0x0000000024320000)]
  0x000000001f2a0000 JavaThread "jar transforms Thread 16" [_thread_blocked, id=3192, stack(0x0000000024120000,0x0000000024220000)]
  0x000000001f29e800 JavaThread "jar transforms Thread 15" [_thread_blocked, id=25516, stack(0x0000000024020000,0x0000000024120000)]
  0x000000001f29c000 JavaThread "jar transforms Thread 14" [_thread_blocked, id=26544, stack(0x0000000023f20000,0x0000000024020000)]
  0x000000001f29d800 JavaThread "jar transforms Thread 13" [_thread_blocked, id=26188, stack(0x0000000023e20000,0x0000000023f20000)]
  0x000000001f29f000 JavaThread "jar transforms Thread 12" [_thread_blocked, id=25152, stack(0x0000000023d20000,0x0000000023e20000)]
  0x000000002094e000 JavaThread "jar transforms Thread 11" [_thread_blocked, id=18900, stack(0x0000000023c20000,0x0000000023d20000)]
  0x000000002094d800 JavaThread "jar transforms Thread 10" [_thread_blocked, id=3600, stack(0x0000000023b20000,0x0000000023c20000)]
  0x000000002094c800 JavaThread "jar transforms Thread 9" [_thread_blocked, id=11540, stack(0x0000000023a20000,0x0000000023b20000)]
  0x000000002094b000 JavaThread "jar transforms Thread 8" [_thread_blocked, id=21168, stack(0x0000000023920000,0x0000000023a20000)]
  0x000000002094a800 JavaThread "jar transforms Thread 7" [_thread_blocked, id=20040, stack(0x0000000023820000,0x0000000023920000)]
  0x0000000020949800 JavaThread "jar transforms Thread 6" [_thread_blocked, id=21648, stack(0x0000000023720000,0x0000000023820000)]
  0x000000002094f000 JavaThread "jar transforms Thread 5" [_thread_blocked, id=15708, stack(0x0000000023620000,0x0000000023720000)]
  0x000000002094c000 JavaThread "jar transforms Thread 4" [_thread_blocked, id=25696, stack(0x0000000023520000,0x0000000023620000)]
  0x0000000020942000 JavaThread "jar transforms Thread 3" [_thread_blocked, id=7184, stack(0x0000000023420000,0x0000000023520000)]
  0x0000000020949000 JavaThread "jar transforms Thread 2" [_thread_blocked, id=24768, stack(0x0000000023320000,0x0000000023420000)]
  0x0000000020948000 JavaThread "Build operations Thread 8" [_thread_blocked, id=24460, stack(0x0000000023120000,0x0000000023220000)]
  0x0000000020947800 JavaThread "Build operations Thread 7" [_thread_blocked, id=26528, stack(0x0000000023020000,0x0000000023120000)]
  0x0000000020946000 JavaThread "Build operations Thread 6" [_thread_blocked, id=25256, stack(0x0000000022f20000,0x0000000023020000)]
  0x0000000020941000 JavaThread "Build operations Thread 5" [_thread_blocked, id=24876, stack(0x0000000022e20000,0x0000000022f20000)]
  0x0000000020945000 JavaThread "Build operations Thread 4" [_thread_blocked, id=23360, stack(0x0000000022d20000,0x0000000022e20000)]
  0x000000002093f800 JavaThread "Build operations Thread 3" [_thread_blocked, id=4860, stack(0x0000000022c20000,0x0000000022d20000)]
  0x0000000020944000 JavaThread "Build operations Thread 2" [_thread_blocked, id=7924, stack(0x0000000022b20000,0x0000000022c20000)]
  0x0000000020943800 JavaThread "Build operations" [_thread_blocked, id=25712, stack(0x0000000022a20000,0x0000000022b20000)]
  0x000000001cace000 JavaThread "Cache worker for file content cache (C:\Users\USER\.gradle\caches\6.5\fileContent)" [_thread_blocked, id=12100, stack(0x0000000022320000,0x0000000022420000)]
  0x000000001cacd800 JavaThread "jar transforms" [_thread_blocked, id=26100, stack(0x0000000022220000,0x0000000022320000)]
  0x000000001cacc800 JavaThread "Cache worker for execution history cache (C:\Users\USER\.gradle\caches\6.5\executionHistory)" [_thread_blocked, id=25476, stack(0x0000000021b20000,0x0000000021c20000)]
  0x000000001cad1000 JavaThread "Cache worker for cache directory md-rule (C:\Users\USER\.gradle\caches\6.5\md-rule)" [_thread_blocked, id=26164, stack(0x0000000021a20000,0x0000000021b20000)]
  0x000000001cacf800 JavaThread "Cache worker for cache directory md-supplier (C:\Users\USER\.gradle\caches\6.5\md-supplier)" [_thread_blocked, id=19728, stack(0x0000000021920000,0x0000000021a20000)]
  0x000000001cad2800 JavaThread "Cache worker for checksums cache (C:\Users\USER\AndroidStudioProjects\MeetUp\.gradle\checksums)" [_thread_blocked, id=19176, stack(0x0000000021820000,0x0000000021920000)]
  0x000000001cad0800 JavaThread "Cache worker for file hash cache (C:\Users\USER\AndroidStudioProjects\MeetUp\.gradle\6.5\fileHashes)" [_thread_blocked, id=23464, stack(0x00000000200d0000,0x00000000201d0000)]
  0x000000001cacc000 JavaThread "Cache worker for file hash cache (C:\Users\USER\.gradle\caches\6.5\fileHashes)" [_thread_blocked, id=13940, stack(0x000000001ffd0000,0x00000000200d0000)]
  0x000000001cad2000 JavaThread "File lock request listener" [_thread_in_native, id=24896, stack(0x000000001ef00000,0x000000001f000000)]
  0x000000001caba000 JavaThread "Cache worker for journal cache (C:\Users\USER\.gradle\caches\journal-1)" [_thread_blocked, id=25000, stack(0x000000001ee00000,0x000000001ef00000)]
  0x000000001c308800 JavaThread "Thread-9" [_thread_blocked, id=24572, stack(0x000000001eb00000,0x000000001ec00000)]
  0x000000001c308000 JavaThread "Stdin handler" [_thread_blocked, id=10676, stack(0x000000001ea00000,0x000000001eb00000)]
  0x000000001c307000 JavaThread "Asynchronous log dispatcher for DefaultDaemonConnection: socket connection from /127.0.0.1:61481 to /127.0.0.1:61482" [_thread_blocked, id=26368, stack(0x000000001e900000,0x000000001ea00000)]
  0x000000001c304800 JavaThread "Daemon worker" [_thread_in_native, id=26088, stack(0x000000001e800000,0x000000001e900000)]
  0x000000001c579000 JavaThread "Cancel handler" [_thread_blocked, id=24588, stack(0x000000001e700000,0x000000001e800000)]
  0x000000001bdfd800 JavaThread "Handler for socket connection from /127.0.0.1:61481 to /127.0.0.1:61482" [_thread_in_native, id=9316, stack(0x000000001e600000,0x000000001e700000)]
  0x000000001bdf8000 JavaThread "Daemon" [_thread_blocked, id=25936, stack(0x000000001e500000,0x000000001e600000)]
  0x000000001c9cc800 JavaThread "Daemon periodic checks" [_thread_blocked, id=26444, stack(0x000000001e200000,0x000000001e300000)]
  0x000000001c97e000 JavaThread "Incoming local TCP Connector on port 61481" [_thread_in_native, id=12240, stack(0x000000001dfc0000,0x000000001e0c0000)]
  0x000000001b2fa800 JavaThread "Daemon health stats" [_thread_blocked, id=26128, stack(0x000000001d980000,0x000000001da80000)]
  0x000000001a1ab800 JavaThread "Service Thread" daemon [_thread_blocked, id=22780, stack(0x000000001ade0000,0x000000001aee0000)]
  0x000000001a128800 JavaThread "C1 CompilerThread3" daemon [_thread_blocked, id=25820, stack(0x000000001ace0000,0x000000001ade0000)]
  0x000000001a119000 JavaThread "C2 CompilerThread2" daemon [_thread_in_native, id=18012, stack(0x000000001abe0000,0x000000001ace0000)]
  0x000000001830c800 JavaThread "C2 CompilerThread1" daemon [_thread_in_native, id=22324, stack(0x000000001aae0000,0x000000001abe0000)]
=>0x000000001830a000 JavaThread "C2 CompilerThread0" daemon [_thread_in_native, id=23468, stack(0x000000001a9e0000,0x000000001aae0000)]
  0x000000001a112800 JavaThread "Attach Listener" daemon [_thread_blocked, id=15324, stack(0x000000001a8e0000,0x000000001a9e0000)]
  0x000000001a116000 JavaThread "Signal Dispatcher" daemon [_thread_blocked, id=4332, stack(0x000000001a7e0000,0x000000001a8e0000)]
  0x000000000328e000 JavaThread "Finalizer" daemon [_thread_blocked, id=22664, stack(0x000000001a5e0000,0x000000001a6e0000)]
  0x0000000003287000 JavaThread "Reference Handler" daemon [_thread_blocked, id=26588, stack(0x000000001a4e0000,0x000000001a5e0000)]
  0x00000000017cd800 JavaThread "main" [_thread_blocked, id=25704, stack(0x0000000002fc0000,0x00000000030c0000)]

Other Threads:
  0x00000000182f6000 VMThread [stack: 0x0000000019fe0000,0x000000001a0e0000] [id=15692]
  0x000000001a1ac800 WatcherThread [stack: 0x000000001aee0000,0x000000001afe0000] [id=26336]

VM state:not at safepoint (normal execution)

VM Mutex/Monitor currently owned by a thread: None

heap address: 0x0000000080000000, size: 2048 MB, Compressed Oops mode: 32-bit
Narrow klass base: 0x0000000000000000, Narrow klass shift: 3
Compressed class space size: 1073741824 Address: 0x0000000100000000

Heap:
 PSYoungGen      total 202240K, used 26044K [0x00000000d5580000, 0x00000000e6900000, 0x0000000100000000)
  eden space 182272K, 14% used [0x00000000d5580000,0x00000000d6eef378,0x00000000e0780000)
  from space 19968K, 0% used [0x00000000e0780000,0x00000000e0780000,0x00000000e1b00000)
  to   space 18944K, 0% used [0x00000000e5680000,0x00000000e5680000,0x00000000e6900000)
 ParOldGen       total 59904K, used 36296K [0x0000000080000000, 0x0000000083a80000, 0x00000000d5580000)
  object space 59904K, 60% used [0x0000000080000000,0x0000000082372168,0x0000000083a80000)
 Metaspace       used 58493K, capacity 60779K, committed 61080K, reserved 1101824K
  class space    used 8082K, capacity 8577K, committed 8624K, reserved 1048576K

Card table byte_map: [0x0000000012650000,0x0000000012a60000] byte_map_base: 0x0000000012250000

Marking Bits: (ParMarkBitMap*) 0x0000000056f6f030
 Begin Bits: [0x0000000013510000, 0x0000000015510000)
 End Bits:   [0x0000000015510000, 0x0000000017510000)

Polling page: 0x0000000001730000

CodeCache: size=245760Kb used=17390Kb max_used=17401Kb free=228369Kb
 bounds [0x0000000003290000, 0x00000000043a0000, 0x0000000012290000]
 total_blobs=5683 nmethods=4909 adapters=687
 compilation: enabled

Compilation events (10 events):
Event: 11.663 Thread 0x000000001a128800 nmethod 5369 0x0000000004349b50 code [0x0000000004349d20, 0x000000000434a4e8]
Event: 11.663 Thread 0x000000001a128800 5370       3       sun.misc.ProxyGenerator$ConstantPool::getInterfaceMethodRef (33 bytes)
Event: 11.664 Thread 0x000000001a128800 nmethod 5370 0x000000000436de90 code [0x000000000436e120, 0x000000000436eec8]
Event: 11.664 Thread 0x000000001a128800 5371       3       sun.misc.ProxyGenerator::access$1100 (5 bytes)
Event: 11.664 Thread 0x000000001a128800 nmethod 5371 0x00000000043497d0 code [0x0000000004349940, 0x0000000004349aa8]
Event: 11.664 Thread 0x000000001a128800 5373       3       sun.misc.ProxyGenerator::access$1200 (7 bytes)
Event: 11.664 Thread 0x000000001a128800 nmethod 5373 0x0000000004349350 code [0x00000000043494c0, 0x00000000043496a8]
Event: 11.665 Thread 0x000000001830c800 5374       4       java.util.jar.JarFile::maybeInstantiateVerifier (96 bytes)
Event: 11.676 Thread 0x000000001a128800 5375       3       sun.misc.ProxyGenerator$ProxyMethod::generateMethod (733 bytes)
Event: 11.691 Thread 0x000000001a128800 nmethod 5375 0x00000000043885d0 code [0x0000000004389400, 0x0000000004393508]

GC Heap History (10 events):
Event: 5.864 GC heap before
{Heap before GC invocations=12 (full 2):
 PSYoungGen      total 150528K, used 9441K [0x00000000d5580000, 0x00000000df580000, 0x0000000100000000)
  eden space 139264K, 0% used [0x00000000d5580000,0x00000000d5580000,0x00000000ddd80000)
  from space 11264K, 83% used [0x00000000dea00000,0x00000000df3386b8,0x00000000df500000)
  to   space 12288K, 0% used [0x00000000ddd80000,0x00000000ddd80000,0x00000000de980000)
 ParOldGen       total 39424K, used 8864K [0x0000000080000000, 0x0000000082680000, 0x00000000d5580000)
  object space 39424K, 22% used [0x0000000080000000,0x00000000808a8170,0x0000000082680000)
 Metaspace       used 34239K, capacity 35396K, committed 35496K, reserved 1079296K
  class space    used 4714K, capacity 5001K, committed 5040K, reserved 1048576K
Event: 5.915 GC heap after
Heap after GC invocations=12 (full 2):
 PSYoungGen      total 150528K, used 0K [0x00000000d5580000, 0x00000000df580000, 0x0000000100000000)
  eden space 139264K, 0% used [0x00000000d5580000,0x00000000d5580000,0x00000000ddd80000)
  from space 11264K, 0% used [0x00000000dea00000,0x00000000dea00000,0x00000000df500000)
  to   space 12288K, 0% used [0x00000000ddd80000,0x00000000ddd80000,0x00000000de980000)
 ParOldGen       total 59904K, used 15706K [0x0000000080000000, 0x0000000083a80000, 0x00000000d5580000)
  object space 59904K, 26% used [0x0000000080000000,0x0000000080f56ba0,0x0000000083a80000)
 Metaspace       used 34239K, capacity 35396K, committed 35496K, reserved 1079296K
  class space    used 4714K, capacity 5001K, committed 5040K, reserved 1048576K
}
Event: 7.791 GC heap before
{Heap before GC invocations=13 (full 2):
 PSYoungGen      total 150528K, used 139264K [0x00000000d5580000, 0x00000000df580000, 0x0000000100000000)
  eden space 139264K, 100% used [0x00000000d5580000,0x00000000ddd80000,0x00000000ddd80000)
  from space 11264K, 0% used [0x00000000dea00000,0x00000000dea00000,0x00000000df500000)
  to   space 12288K, 0% used [0x00000000ddd80000,0x00000000ddd80000,0x00000000de980000)
 ParOldGen       total 59904K, used 15706K [0x0000000080000000, 0x0000000083a80000, 0x00000000d5580000)
  object space 59904K, 26% used [0x0000000080000000,0x0000000080f56ba0,0x0000000083a80000)
 Metaspace       used 41331K, capacity 43108K, committed 43432K, reserved 1087488K
  class space    used 5658K, capacity 6028K, committed 6064K, reserved 1048576K
Event: 7.806 GC heap after
Heap after GC invocations=13 (full 2):
 PSYoungGen      total 151552K, used 12280K [0x00000000d5580000, 0x00000000e2900000, 0x0000000100000000)
  eden space 139264K, 0% used [0x00000000d5580000,0x00000000d5580000,0x00000000ddd80000)
  from space 12288K, 99% used [0x00000000ddd80000,0x00000000de97e390,0x00000000de980000)
  to   space 14336K, 0% used [0x00000000e1b00000,0x00000000e1b00000,0x00000000e2900000)
 ParOldGen       total 59904K, used 16406K [0x0000000080000000, 0x0000000083a80000, 0x00000000d5580000)
  object space 59904K, 27% used [0x0000000080000000,0x0000000081005838,0x0000000083a80000)
 Metaspace       used 41331K, capacity 43108K, committed 43432K, reserved 1087488K
  class space    used 5658K, capacity 6028K, committed 6064K, reserved 1048576K
}
Event: 9.717 GC heap before
{Heap before GC invocations=14 (full 2):
 PSYoungGen      total 151552K, used 151544K [0x00000000d5580000, 0x00000000e2900000, 0x0000000100000000)
  eden space 139264K, 100% used [0x00000000d5580000,0x00000000ddd80000,0x00000000ddd80000)
  from space 12288K, 99% used [0x00000000ddd80000,0x00000000de97e390,0x00000000de980000)
  to   space 14336K, 0% used [0x00000000e1b00000,0x00000000e1b00000,0x00000000e2900000)
 ParOldGen       total 59904K, used 16406K [0x0000000080000000, 0x0000000083a80000, 0x00000000d5580000)
  object space 59904K, 27% used [0x0000000080000000,0x0000000081005838,0x0000000083a80000)
 Metaspace       used 52356K, capacity 54458K, committed 54568K, reserved 1095680K
  class space    used 7005K, capacity 7437K, committed 7472K, reserved 1048576K
Event: 9.757 GC heap after
Heap after GC invocations=14 (full 2):
 PSYoungGen      total 196608K, used 14333K [0x00000000d5580000, 0x00000000e3380000, 0x0000000100000000)
  eden space 182272K, 0% used [0x00000000d5580000,0x00000000d5580000,0x00000000e0780000)
  from space 14336K, 99% used [0x00000000e1b00000,0x00000000e28ff6d0,0x00000000e2900000)
  to   space 19968K, 0% used [0x00000000e0780000,0x00000000e0780000,0x00000000e1b00000)
 ParOldGen       total 59904K, used 26052K [0x0000000080000000, 0x0000000083a80000, 0x00000000d5580000)
  object space 59904K, 43% used [0x0000000080000000,0x0000000081971340,0x0000000083a80000)
 Metaspace       used 52356K, capacity 54458K, committed 54568K, reserved 1095680K
  class space    used 7005K, capacity 7437K, committed 7472K, reserved 1048576K
}
Event: 10.743 GC heap before
{Heap before GC invocations=15 (full 2):
 PSYoungGen      total 196608K, used 88193K [0x00000000d5580000, 0x00000000e3380000, 0x0000000100000000)
  eden space 182272K, 40% used [0x00000000d5580000,0x00000000d9da0d88,0x00000000e0780000)
  from space 14336K, 99% used [0x00000000e1b00000,0x00000000e28ff6d0,0x00000000e2900000)
  to   space 19968K, 0% used [0x00000000e0780000,0x00000000e0780000,0x00000000e1b00000)
 ParOldGen       total 59904K, used 26052K [0x0000000080000000, 0x0000000083a80000, 0x00000000d5580000)
  object space 59904K, 43% used [0x0000000080000000,0x0000000081971340,0x0000000083a80000)
 Metaspace       used 56664K, capacity 58999K, committed 59160K, reserved 1099776K
  class space    used 7751K, capacity 8240K, committed 8240K, reserved 1048576K
Event: 10.764 GC heap after
Heap after GC invocations=15 (full 2):
 PSYoungGen      total 202240K, used 7595K [0x00000000d5580000, 0x00000000e6900000, 0x0000000100000000)
  eden space 182272K, 0% used [0x00000000d5580000,0x00000000d5580000,0x00000000e0780000)
  from space 19968K, 38% used [0x00000000e0780000,0x00000000e0eead98,0x00000000e1b00000)
  to   space 18944K, 0% used [0x00000000e5680000,0x00000000e5680000,0x00000000e6900000)
 ParOldGen       total 59904K, used 36031K [0x0000000080000000, 0x0000000083a80000, 0x00000000d5580000)
  object space 59904K, 60% used [0x0000000080000000,0x000000008232fca0,0x0000000083a80000)
 Metaspace       used 56664K, capacity 58999K, committed 59160K, reserved 1099776K
  class space    used 7751K, capacity 8240K, committed 8240K, reserved 1048576K
}
Event: 10.765 GC heap before
{Heap before GC invocations=16 (full 3):
 PSYoungGen      total 202240K, used 7595K [0x00000000d5580000, 0x00000000e6900000, 0x0000000100000000)
  eden space 182272K, 0% used [0x00000000d5580000,0x00000000d5580000,0x00000000e0780000)
  from space 19968K, 38% used [0x00000000e0780000,0x00000000e0eead98,0x00000000e1b00000)
  to   space 18944K, 0% used [0x00000000e5680000,0x00000000e5680000,0x00000000e6900000)
 ParOldGen       total 59904K, used 36031K [0x0000000080000000, 0x0000000083a80000, 0x00000000d5580000)
  object space 59904K, 60% used [0x0000000080000000,0x000000008232fca0,0x0000000083a80000)
 Metaspace       used 56664K, capacity 58999K, committed 59160K, reserved 1099776K
  class space    used 7751K, capacity 8240K, committed 8240K, reserved 1048576K
Event: 11.268 GC heap after
Heap after GC invocations=16 (full 3):
 PSYoungGen      total 202240K, used 0K [0x00000000d5580000, 0x00000000e6900000, 0x0000000100000000)
  eden space 182272K, 0% used [0x00000000d5580000,0x00000000d5580000,0x00000000e0780000)
  from space 19968K, 0% used [0x00000000e0780000,0x00000000e0780000,0x00000000e1b00000)
  to   space 18944K, 0% used [0x00000000e5680000,0x00000000e5680000,0x00000000e6900000)
 ParOldGen       total 59904K, used 36296K [0x0000000080000000, 0x0000000083a80000, 0x00000000d5580000)
  object space 59904K, 60% used [0x0000000080000000,0x0000000082372168,0x0000000083a80000)
 Metaspace       used 56618K, capacity 58843K, committed 59160K, reserved 1099776K
  class space    used 7737K, capacity 8214K, committed 8240K, reserved 1048576K
}

Deoptimization events (10 events):
Event: 10.661 Thread 0x000000001c304800 Uncommon trap: reason=unstable_if action=reinterpret pc=0x00000000034af570 method=java.util.HashMap.getNode(ILjava/lang/Object;)Ljava/util/HashMap$Node; @ 84
Event: 10.661 Thread 0x000000001c304800 Uncommon trap: reason=unstable_if action=reinterpret pc=0x0000000003fa802c method=java.util.HashMap.getNode(ILjava/lang/Object;)Ljava/util/HashMap$Node; @ 84
Event: 10.694 Thread 0x000000001c304800 Uncommon trap: reason=unstable_if action=reinterpret pc=0x0000000003d2efc0 method=java.io.WinNTFileSystem.normalize(Ljava/lang/String;)Ljava/lang/String; @ 74
Event: 10.695 Thread 0x000000001c304800 Uncommon trap: reason=unstable_if action=reinterpret pc=0x00000000038a8d20 method=java.io.WinNTFileSystem.normalize(Ljava/lang/String;II)Ljava/lang/String; @ 103
Event: 11.414 Thread 0x000000001c304800 Uncommon trap: reason=unstable_if action=reinterpret pc=0x000000000411a8ac method=java.util.Properties$LineReader.readLine()I @ 37
Event: 11.414 Thread 0x000000001c304800 Uncommon trap: reason=unstable_if action=reinterpret pc=0x00000000037b5b34 method=java.util.Properties$LineReader.readLine()I @ 105
Event: 11.471 Thread 0x000000001c304800 Uncommon trap: reason=bimorphic action=maybe_recompile pc=0x0000000004057954 method=java.util.regex.Pattern$5.isSatisfiedBy(I)Z @ 16
Event: 11.472 Thread 0x000000001c304800 Uncommon trap: reason=bimorphic action=maybe_recompile pc=0x0000000004057954 method=java.util.regex.Pattern$5.isSatisfiedBy(I)Z @ 16
Event: 11.472 Thread 0x000000001c304800 Uncommon trap: reason=bimorphic action=maybe_recompile pc=0x0000000004057954 method=java.util.regex.Pattern$5.isSatisfiedBy(I)Z @ 16
Event: 11.472 Thread 0x000000001c304800 Uncommon trap: reason=bimorphic action=maybe_recompile pc=0x0000000004057954 method=java.util.regex.Pattern$5.isSatisfiedBy(I)Z @ 16

Classes redefined (0 events):
No events

Internal exceptions (10 events):
Event: 10.559 Thread 0x000000001c304800 Exception <a 'java/lang/ClassNotFoundException': org/codehaus/groovy/runtime/MethodClosureCustomizer> (0x00000000d9030690) thrown at [C:\src\AOSP-openjdk-git\hotspot\src\share\vm\classfile\systemDictionary.cpp, line 210]
Event: 10.563 Thread 0x000000001c304800 Exception <a 'java/lang/ClassNotFoundException': org/gradle/api/internal/artifacts/configurations/DefaultConfiguration$ConfigurationResolvableDependencies_DecoratedBeanInfo> (0x00000000d90bb6e0) thrown at [C:\src\AOSP-openjdk-git\hotspot\src\share\vm\clas
Event: 10.565 Thread 0x000000001c304800 Exception <a 'java/lang/ClassNotFoundException': org/gradle/api/internal/artifacts/configurations/DefaultConfiguration$ConfigurationResolvableDependenciesBeanInfo> (0x00000000d9106728) thrown at [C:\src\AOSP-openjdk-git\hotspot\src\share\vm\classfile\syst
Event: 10.566 Thread 0x000000001c304800 Exception <a 'java/lang/ClassNotFoundException': org/gradle/api/internal/artifacts/configurations/DefaultConfiguration$ConfigurationResolvableDependenciesCustomizer> (0x00000000d91537e0) thrown at [C:\src\AOSP-openjdk-git\hotspot\src\share\vm\classfile\sy
Event: 10.567 Thread 0x000000001c304800 Exception <a 'java/lang/ClassNotFoundException': org/gradle/api/internal/artifacts/configurations/DefaultConfiguration$ConfigurationResolvableDependencies_DecoratedCustomizer> (0x00000000d91baec8) thrown at [C:\src\AOSP-openjdk-git\hotspot\src\share\vm\cl
Event: 10.735 Thread 0x000000001c304800 Exception <a 'java/lang/NoSuchMethodError': java.lang.Object.lambda$static$0(Lorg/gradle/api/internal/tasks/TaskDependencyResolveContext;)V> (0x00000000d9aba100) thrown at [C:\src\AOSP-openjdk-git\hotspot\src\share\vm\interpreter\linkResolver.cpp, line 62
Event: 11.414 Thread 0x000000001c304800 Implicit null exception at 0x00000000037b52cd to 0x00000000037b5ad5
Event: 11.442 Thread 0x000000001c304800 Exception <a 'sun/nio/fs/WindowsException'> (0x00000000d5ecec98) thrown at [C:\src\AOSP-openjdk-git\hotspot\src\share\vm\prims\jni.cpp, line 710]
Event: 11.513 Thread 0x000000001c304800 Exception <a 'java/lang/ClassNotFoundException': com/sun/org/glassfish/hk2/osgiresourcelocator/ServiceLoader> (0x00000000d62df708) thrown at [C:\src\AOSP-openjdk-git\hotspot\src\share\vm\classfile\systemDictionary.cpp, line 210]
Event: 11.604 Thread 0x000000001c304800 Exception <a 'java/lang/NullPointerException'> (0x00000000d67832b0) thrown at [C:\src\AOSP-openjdk-git\hotspot\src\share\vm\interpreter\linkResolver.cpp, line 1287]

Events (10 events):
Event: 11.722 loading class com/sun/xml/bind/v2/model/impl/ValuePropertyInfoImpl
Event: 11.722 loading class com/sun/xml/bind/v2/model/impl/ValuePropertyInfoImpl done
Event: 11.723 loading class com/sun/xml/bind/v2/model/core/ValuePropertyInfo
Event: 11.723 loading class com/sun/xml/bind/v2/model/core/ValuePropertyInfo done
Event: 11.724 loading class com/sun/xml/bind/v2/model/impl/RuntimeValuePropertyInfoImpl
Event: 11.724 loading class com/sun/xml/bind/v2/model/impl/RuntimeValuePropertyInfoImpl done
Event: 11.724 loading class com/sun/xml/bind/v2/model/runtime/RuntimeValuePropertyInfo
Event: 11.724 loading class com/sun/xml/bind/v2/model/runtime/RuntimeValuePropertyInfo done
Event: 11.725 loading class com/sun/xml/bind/v2/model/impl/ClassInfoImpl$SecondaryAnnotation
Event: 11.725 loading class com/sun/xml/bind/v2/model/impl/ClassInfoImpl$SecondaryAnnotation done


Dynamic libraries:
0x00007ff654af0000 - 0x00007ff654b21000 	C:\Program Files\Android\Android Studio\jre\bin\java.exe
0x00007ffaa1690000 - 0x00007ffaa1885000 	C:\Windows\SYSTEM32\ntdll.dll
0x00007ffaa1590000 - 0x00007ffaa164d000 	C:\Windows\System32\KERNEL32.DLL
0x00007ffa9efd0000 - 0x00007ffa9f299000 	C:\Windows\System32\KERNELBASE.dll
0x00007ffaa01d0000 - 0x00007ffaa027c000 	C:\Windows\System32\ADVAPI32.dll
0x00007ffa9f880000 - 0x00007ffa9f91e000 	C:\Windows\System32\msvcrt.dll
0x00007ffaa13c0000 - 0x00007ffaa145b000 	C:\Windows\System32\sechost.dll
0x00007ffaa0d40000 - 0x00007ffaa0e6a000 	C:\Windows\System32\RPCRT4.dll
0x00007ffaa1200000 - 0x00007ffaa13a0000 	C:\Windows\System32\USER32.dll
0x00007ffa9eef0000 - 0x00007ffa9ef12000 	C:\Windows\System32\win32u.dll
0x00007ffaa0e70000 - 0x00007ffaa0e9a000 	C:\Windows\System32\GDI32.dll
0x00007ffa9f2a0000 - 0x00007ffa9f3ab000 	C:\Windows\System32\gdi32full.dll
0x00007ffa9f5a0000 - 0x00007ffa9f63d000 	C:\Windows\System32\msvcp_win.dll
0x00007ffa9edf0000 - 0x00007ffa9eef0000 	C:\Windows\System32\ucrtbase.dll
0x00007ffa91270000 - 0x00007ffa9150a000 	C:\Windows\WinSxS\amd64_microsoft.windows.common-controls_6595b64144ccf1df_6.0.19041.1110_none_60b5254171f9507e\COMCTL32.dll
0x00007ffaa06a0000 - 0x00007ffaa06d0000 	C:\Windows\System32\IMM32.DLL
0x00000000566c0000 - 0x0000000056792000 	C:\Program Files\Android\Android Studio\jre\jre\bin\msvcr100.dll
0x00000000567a0000 - 0x0000000056feb000 	C:\Program Files\Android\Android Studio\jre\jre\bin\server\jvm.dll
0x00007ffaa11f0000 - 0x00007ffaa11f8000 	C:\Windows\System32\PSAPI.DLL
0x00007ffa97f50000 - 0x00007ffa97f5a000 	C:\Windows\SYSTEM32\VERSION.dll
0x00007ffa86fd0000 - 0x00007ffa86ff7000 	C:\Windows\SYSTEM32\WINMM.dll
0x00007ffa97f60000 - 0x00007ffa97f69000 	C:\Windows\SYSTEM32\WSOCK32.dll
0x00007ffaa0730000 - 0x00007ffaa079b000 	C:\Windows\System32\WS2_32.dll
0x00007ffa95fd0000 - 0x00007ffa95fdf000 	C:\Program Files\Android\Android Studio\jre\jre\bin\verify.dll
0x00007ffa863a0000 - 0x00007ffa863c9000 	C:\Program Files\Android\Android Studio\jre\jre\bin\java.dll
0x00007ffa93710000 - 0x00007ffa93726000 	C:\Program Files\Android\Android Studio\jre\jre\bin\zip.dll
0x00007ffa9f920000 - 0x00007ffaa005f000 	C:\Windows\System32\SHELL32.dll
0x00007ffa9cc90000 - 0x00007ffa9d420000 	C:\Windows\SYSTEM32\windows.storage.dll
0x00007ffaa02e0000 - 0x00007ffaa0635000 	C:\Windows\System32\combase.dll
0x00007ffa9e820000 - 0x00007ffa9e84c000 	C:\Windows\SYSTEM32\Wldp.dll
0x00007ffa9f6f0000 - 0x00007ffa9f79e000 	C:\Windows\System32\SHCORE.dll
0x00007ffaa0280000 - 0x00007ffaa02d5000 	C:\Windows\System32\shlwapi.dll
0x00007ffa9ed00000 - 0x00007ffa9ed1f000 	C:\Windows\SYSTEM32\profapi.dll
0x00007ffa862a0000 - 0x00007ffa862ba000 	C:\Program Files\Android\Android Studio\jre\jre\bin\net.dll
0x00007ffa9e510000 - 0x00007ffa9e57a000 	C:\Windows\system32\mswsock.dll
0x00007ffa86280000 - 0x00007ffa86293000 	C:\Program Files\Android\Android Studio\jre\jre\bin\nio.dll
0x00007ffa93730000 - 0x00007ffa93757000 	C:\Users\USER\.gradle\native\f6784746aeab05261644944871eae4fe03e0ef1612fff0a4a95f87b438bc6780\windows-amd64\native-platform.dll
0x00007ffa957a0000 - 0x00007ffa957ad000 	C:\Program Files\Android\Android Studio\jre\jre\bin\management.dll
0x00007ffa9e700000 - 0x00007ffa9e718000 	C:\Windows\SYSTEM32\CRYPTSP.dll
0x00007ffa9de90000 - 0x00007ffa9dec4000 	C:\Windows\system32\rsaenh.dll
0x00007ffa9edc0000 - 0x00007ffa9ede7000 	C:\Windows\System32\bcrypt.dll
0x00007ffa9ec80000 - 0x00007ffa9ecae000 	C:\Windows\SYSTEM32\USERENV.dll
0x00007ffa9f3b0000 - 0x00007ffa9f433000 	C:\Windows\System32\bcryptprimitives.dll
0x00007ffa9e720000 - 0x00007ffa9e72c000 	C:\Windows\SYSTEM32\CRYPTBASE.dll
0x00007ffa9e200000 - 0x00007ffa9e23b000 	C:\Windows\SYSTEM32\IPHLPAPI.DLL
0x00007ffaa00f0000 - 0x00007ffaa00f8000 	C:\Windows\System32\NSI.dll
0x00007ffa974c0000 - 0x00007ffa974d7000 	C:\Windows\SYSTEM32\dhcpcsvc6.DLL
0x00007ffa97660000 - 0x00007ffa9767d000 	C:\Windows\SYSTEM32\dhcpcsvc.DLL
0x00007ffa9e240000 - 0x00007ffa9e30c000 	C:\Windows\SYSTEM32\DNSAPI.dll
0x00007ffa97f40000 - 0x00007ffa97f4b000 	C:\Windows\SYSTEM32\WINNSI.DLL

VM Arguments:
jvm_args: -Xmx2048m -Dfile.encoding=UTF-8 -Duser.country=US -Duser.language=en -Duser.variant 
java_command: org.gradle.launcher.daemon.bootstrap.GradleDaemon 6.5
java_class_path (initial): C:\Users\USER\.gradle\wrapper\dists\gradle-6.5-bin\6nifqtx7604sqp1q6g8wikw7p\gradle-6.5\lib\gradle-launcher-6.5.jar
Launcher Type: SUN_STANDARD

Environment Variables:
PATH=C:\Program Files\Common Files\Oracle\Java\javapath;C:\Program Files (x86)\Common Files\Intel\Shared Libraries\redist\intel64\compiler;C:\Windows\system32;C:\Windows;C:\Windows\System32\Wbem;C:\Windows\System32\WindowsPowerShell\v1.0\;C:\Windows\System32\OpenSSH\;C:\Program Files (x86)\NVIDIA Corporation\PhysX\Common;C:\Program Files\NVIDIA Corporation\NVIDIA NvDLISR;C:\Program Files\Git\cmd;C:\Program Files (x86)\CodeBlocks\MinGW\bin;C:\Program Files\nodejs\;C:\Users\USER\AppData\Local\Microsoft\WindowsApps;C:\Program Files\JetBrains\IntelliJ IDEA 2021.1.2\bin;;C:\Users\USER\AppData\Local\Programs\Microsoft VS Code\bin;C:\Users\USER\AppData\Roaming\npm
USERNAME=USER
OS=Windows_NT
PROCESSOR_IDENTIFIER=AMD64 Family 23 Model 24 Stepping 1, AuthenticAMD



---------------  S Y S T E M  ---------------

OS: Windows 10.0 , 64 bit Build 19041 (10.0.19041.1151)

CPU:total 8 (initial active 8) (8 cores per cpu, 1 threads per core) family 23 model 24 stepping 1, cmov, cx8, fxsr, mmx, sse, sse2, sse3, ssse3, sse4.1, sse4.2, popcnt, avx, avx2, aes, clmul, mmxext, 3dnowpref, lzcnt, sse4a, tsc, tscinvbit, tscinv, bmi1

Memory: 4k page, physical 6237624k(303548k free), swap 25111992k(472k free)

vm_info: OpenJDK 64-Bit Server VM (25.242-b01) for windows-amd64 JRE (1.8.0_242-release-1644-b01), built by "builder" with MS VC++ 10.0 (VS2010)

time: Sun Aug 15 05:48:24 2021
timezone: Bangladesh Standard Time
elapsed time: 11 seconds (0d 0h 0m 11s)

